Determining if the pthread_create exist failed with the following output:
Change Dir: /home/workspace/CppND-Route-Planning-Project/CMakeFiles/CMakeTmp

Run Build Command:"/usr/bin/make" "cmTC_1464d/fast"
/usr/bin/make -f CMakeFiles/cmTC_1464d.dir/build.make CMakeFiles/cmTC_1464d.dir/build
make[1]: Entering directory '/home/workspace/CppND-Route-Planning-Project/CMakeFiles/CMakeTmp'
Building C object CMakeFiles/cmTC_1464d.dir/CheckSymbolExists.c.o
/usr/bin/cc    -o CMakeFiles/cmTC_1464d.dir/CheckSymbolExists.c.o   -c /home/workspace/CppND-Route-Planning-Project/CMakeFiles/CMakeTmp/CheckSymbolExists.c
Linking C executable cmTC_1464d
/usr/local/bin/cmake -E cmake_link_script CMakeFiles/cmTC_1464d.dir/link.txt --verbose=1
/usr/bin/cc      -rdynamic CMakeFiles/cmTC_1464d.dir/CheckSymbolExists.c.o  -o cmTC_1464d 
CMakeFiles/cmTC_1464d.dir/CheckSymbolExists.c.o: In function `main':
CheckSymbolExists.c:(.text+0x16): undefined reference to `pthread_create'
collect2: error: ld returned 1 exit status
CMakeFiles/cmTC_1464d.dir/build.make:86: recipe for target 'cmTC_1464d' failed
make[1]: *** [cmTC_1464d] Error 1
make[1]: Leaving directory '/home/workspace/CppND-Route-Planning-Project/CMakeFiles/CMakeTmp'
Makefile:121: recipe for target 'cmTC_1464d/fast' failed
make: *** [cmTC_1464d/fast] Error 2

File /home/workspace/CppND-Route-Planning-Project/CMakeFiles/CMakeTmp/CheckSymbolExists.c:
/* */
#include <pthread.h>

int main(int argc, char** argv)
{
  (void)argv;
#ifndef pthread_create
  return ((int*)(&pthread_create))[argc];
#else
  (void)argc;
  return 0;
#endif
}

Determining if the function pthread_create exists in the pthreads failed with the following output:
Change Dir: /home/workspace/CppND-Route-Planning-Project/CMakeFiles/CMakeTmp

Run Build Command:"/usr/bin/make" "cmTC_71fbd/fast"
/usr/bin/make -f CMakeFiles/cmTC_71fbd.dir/build.make CMakeFiles/cmTC_71fbd.dir/build
make[1]: Entering directory '/home/workspace/CppND-Route-Planning-Project/CMakeFiles/CMakeTmp'
Building C object CMakeFiles/cmTC_71fbd.dir/CheckFunctionExists.c.o
/usr/bin/cc   -DCHECK_FUNCTION_EXISTS=pthread_create   -o CMakeFiles/cmTC_71fbd.dir/CheckFunctionExists.c.o   -c /usr/local/share/cmake-3.13/Modules/CheckFunctionExists.c
Linking C executable cmTC_71fbd
/usr/local/bin/cmake -E cmake_link_script CMakeFiles/cmTC_71fbd.dir/link.txt --verbose=1
/usr/bin/cc  -DCHECK_FUNCTION_EXISTS=pthread_create    -rdynamic CMakeFiles/cmTC_71fbd.dir/CheckFunctionExists.c.o  -o cmTC_71fbd -lpthreads 
/usr/bin/ld: cannot find -lpthreads
collect2: error: ld returned 1 exit status
CMakeFiles/cmTC_71fbd.dir/build.make:86: recipe for target 'cmTC_71fbd' failed
make[1]: *** [cmTC_71fbd] Error 1
make[1]: Leaving directory '/home/workspace/CppND-Route-Planning-Project/CMakeFiles/CMakeTmp'
Makefile:121: recipe for target 'cmTC_71fbd/fast' failed
make: *** [cmTC_71fbd/fast] Error 2


